<?xml version="1.0" encoding="UTF-8"?>
<!-- Generated by org.testng.reporters.JUnitReportReporter -->
<testsuite hostname="DESKTOP-MQHSLN6" failures="0" tests="1" name="RiteshShadija.Tests.ErrorValidationsTest" time="13.631" errors="0" timestamp="2025-04-20T17:34:28 IST" skipped="0">
  <testcase classname="RiteshShadija.Tests.ErrorValidationsTest" name="loginErrorValidation" time="13.631"/>
</testsuite> <!-- RiteshShadija.Tests.ErrorValidationsTest -->
